<?xml version="1.0" encoding="UTF-8"?>
<!-- Generated by org.testng.reporters.JUnitXMLReporter -->
<testsuite ignored="4" hostname="DEEPAK" failures="0" tests="2" name="Surefire test" time="56.163" errors="0" timestamp="2026-01-04T10:47:08 IST">
  <testcase classname="com.vtigercrm.organizationTest.CreateOrgTest" name="createOrg" time="24.157"/>
  <testcase classname="com.vtigercrm.tests.LoginTest" name="HomeTest" time="3.547"/>
  <testcase classname="com.vtigercrm.generic.BaseClass" name="@AfterSuite disconnect" time="0.0">
    <ignored/>
  </testcase> <!-- @AfterSuite disconnect -->
  <testcase classname="com.vtigercrm.generic.BaseClass" name="@AfterTest closeBrowser" time="0.0">
    <ignored/>
  </testcase> <!-- @AfterTest closeBrowser -->
  <testcase classname="com.vtigercrm.generic.BaseClass" name="@BeforeSuite databaseConnection" time="0.0">
    <ignored/>
  </testcase> <!-- @BeforeSuite databaseConnection -->
  <testcase classname="com.vtigercrm.generic.BaseClass" name="@BeforeTest launchBrowser" time="0.0">
    <ignored/>
  </testcase> <!-- @BeforeTest launchBrowser -->
</testsuite> <!-- Surefire test -->
