<?xml version="1.0" encoding="UTF-8"?>
<testng-results ignored="0" total="2" passed="2" failed="0" skipped="0">
  <reporter-output>
    <line>
      <![CDATA[database connected successfully]]>
    </line>
    <line>
      <![CDATA[browser launched]]>
    </line>
    <line>
      <![CDATA[signed in successfully]]>
    </line>
    <line>
      <![CDATA[signed out successfully]]>
    </line>
    <line>
      <![CDATA[signed in successfully]]>
    </line>
    <line>
      <![CDATA[signed out successfully]]>
    </line>
    <line>
      <![CDATA[browser closed]]>
    </line>
    <line>
      <![CDATA[database disconnected successfully]]>
    </line>
  </reporter-output>
  <suite started-at="2026-01-04T10:46:12 IST" name="Surefire suite" finished-at="2026-01-04T10:47:08 IST" duration-ms="56163">
    <groups>
    </groups>
    <test started-at="2026-01-04T10:46:12 IST" name="Surefire test" finished-at="2026-01-04T10:47:08 IST" duration-ms="56163">
      <class name="com.vtigercrm.tests.LoginTest">
        <test-method is-config="true" signature="login()[pri:0, instance:com.vtigercrm.tests.LoginTest@7995092a]" started-at="2026-01-04T10:47:03 IST" name="login" finished-at="2026-01-04T10:47:04 IST" duration-ms="129" status="PASS">
          <reporter-output>
            <line>
              <![CDATA[signed in successfully]]>
            </line>
          </reporter-output>
        </test-method> <!-- login -->
        <test-method signature="HomeTest()[pri:0, instance:com.vtigercrm.tests.LoginTest@7995092a]" started-at="2026-01-04T10:47:04 IST" name="HomeTest" finished-at="2026-01-04T10:47:07 IST" duration-ms="3547" status="PASS">
          <reporter-output>
          </reporter-output>
        </test-method> <!-- HomeTest -->
        <test-method is-config="true" signature="logout()[pri:0, instance:com.vtigercrm.tests.LoginTest@7995092a]" started-at="2026-01-04T10:47:07 IST" name="logout" finished-at="2026-01-04T10:47:08 IST" duration-ms="1026" status="PASS">
          <reporter-output>
            <line>
              <![CDATA[signed out successfully]]>
            </line>
          </reporter-output>
        </test-method> <!-- logout -->
      </class> <!-- com.vtigercrm.tests.LoginTest -->
      <class name="com.vtigercrm.organizationTest.CreateOrgTest">
        <test-method is-config="true" signature="databaseConnection()[pri:0, instance:com.vtigercrm.organizationTest.CreateOrgTest@22635ba0]" started-at="2026-01-04T10:46:12 IST" name="databaseConnection" finished-at="2026-01-04T10:46:12 IST" duration-ms="11" status="PASS">
          <reporter-output>
            <line>
              <![CDATA[database connected successfully]]>
            </line>
          </reporter-output>
        </test-method> <!-- databaseConnection -->
        <test-method is-config="true" signature="launchBrowser()[pri:0, instance:com.vtigercrm.organizationTest.CreateOrgTest@22635ba0]" started-at="2026-01-04T10:46:12 IST" name="launchBrowser" finished-at="2026-01-04T10:46:24 IST" duration-ms="11227" status="PASS">
          <reporter-output>
            <line>
              <![CDATA[browser launched]]>
            </line>
          </reporter-output>
        </test-method> <!-- launchBrowser -->
        <test-method is-config="true" signature="login()[pri:0, instance:com.vtigercrm.organizationTest.CreateOrgTest@22635ba0]" started-at="2026-01-04T10:46:24 IST" name="login" finished-at="2026-01-04T10:46:37 IST" duration-ms="13458" status="PASS">
          <reporter-output>
            <line>
              <![CDATA[signed in successfully]]>
            </line>
          </reporter-output>
        </test-method> <!-- login -->
        <test-method signature="createOrg()[pri:0, instance:com.vtigercrm.organizationTest.CreateOrgTest@22635ba0]" started-at="2026-01-04T10:46:37 IST" name="createOrg" finished-at="2026-01-04T10:47:01 IST" duration-ms="24157" status="PASS">
          <reporter-output>
          </reporter-output>
        </test-method> <!-- createOrg -->
        <test-method is-config="true" signature="logout()[pri:0, instance:com.vtigercrm.organizationTest.CreateOrgTest@22635ba0]" started-at="2026-01-04T10:47:01 IST" name="logout" finished-at="2026-01-04T10:47:03 IST" duration-ms="2168" status="PASS">
          <reporter-output>
            <line>
              <![CDATA[signed out successfully]]>
            </line>
          </reporter-output>
        </test-method> <!-- logout -->
        <test-method is-config="true" signature="closeBrowser()[pri:0, instance:com.vtigercrm.organizationTest.CreateOrgTest@22635ba0]" started-at="2026-01-04T10:47:08 IST" name="closeBrowser" finished-at="2026-01-04T10:47:08 IST" duration-ms="182" status="PASS">
          <reporter-output>
            <line>
              <![CDATA[browser closed]]>
            </line>
          </reporter-output>
        </test-method> <!-- closeBrowser -->
        <test-method is-config="true" signature="disconnect()[pri:0, instance:com.vtigercrm.organizationTest.CreateOrgTest@22635ba0]" started-at="2026-01-04T10:47:09 IST" name="disconnect" finished-at="2026-01-04T10:47:09 IST" duration-ms="1" status="PASS">
          <reporter-output>
            <line>
              <![CDATA[database disconnected successfully]]>
            </line>
          </reporter-output>
        </test-method> <!-- disconnect -->
      </class> <!-- com.vtigercrm.organizationTest.CreateOrgTest -->
    </test> <!-- Surefire test -->
  </suite> <!-- Surefire suite -->
</testng-results>
