<?xml version="1.0" encoding="UTF-8"?>
<testsuite xmlns:xsi="http://www.w3.org/2001/XMLSchema-instance" xsi:noNamespaceSchemaLocation="https://maven.apache.org/surefire/maven-surefire-plugin/xsd/surefire-test-report-3.0.xsd" version="3.0" name="TestSuite" time="56.951" tests="2" errors="0" skipped="0" failures="0">
  <properties>
[...]
</properties>
  <testcase name="createOrg" classname="com.vtigercrm.organizationTest.CreateOrgTest" time="24.128">
    <system-out><![CDATA[database connected successfully
browser launched
signed in successfully
2026-01-04T05:16:58.747840500Z main ERROR Log4j API could not find a logging provider.
]]></system-out>
    <system-err><![CDATA[SLF4J(W): No SLF4J providers were found.
SLF4J(W): Defaulting to no-operation (NOP) logger implementation
SLF4J(W): See https://www.slf4j.org/codes.html#noProviders for further details.
]]></system-err>
  </testcase>
  <testcase name="HomeTest" classname="com.vtigercrm.tests.LoginTest" time="3.547">
    <system-out><![CDATA[signed out successfully
signed in successfully
]]></system-out>
  </testcase>
</testsuite>