<?xml version="1.0" encoding="UTF-8"?>
<!-- Generated by org.testng.reporters.JUnitReportReporter -->
<testsuite hostname="DEEPAK" failures="0" tests="1" name="com.vtigercrm.tests.LoginTest" time="13.332" errors="0" timestamp="2025-12-26T10:49:28 IST" skipped="0">
  <testcase classname="com.vtigercrm.tests.LoginTest" name="HomeTest" time="13.332"/>
  <system-out>
    <![CDATA[database connected successfully
browser launched
signed in successfully
signed out successfully
browser closed
database disconnected successfully]]>
  </system-out>
</testsuite> <!-- com.vtigercrm.tests.LoginTest -->
