<?xml version="1.0" encoding="UTF-8"?>
<!-- Generated by org.testng.reporters.JUnitReportReporter -->
<testsuite hostname="DEEPAK" failures="0" tests="1" name="com.vtigercrm.organizationTest.CreateOrgTest" time="74.956" errors="0" timestamp="2026-01-02T10:37:36 IST" skipped="0">
  <testcase classname="com.vtigercrm.organizationTest.CreateOrgTest" name="createOrg" time="74.956"/>
  <system-out>
    <![CDATA[database connected successfully
browser launched
signed in successfully
signed out successfully
browser closed
database disconnected successfully]]>
  </system-out>
</testsuite> <!-- com.vtigercrm.organizationTest.CreateOrgTest -->
