<?xml version="1.0" encoding="UTF-8"?>
<!-- Generated by org.testng.reporters.JUnitReportReporter -->
<testsuite hostname="DEEPAK" failures="0" tests="1" name="com.vtigercrm.tests.LoginTest" time="4.702" errors="0" timestamp="2026-01-04T10:47:09 IST" skipped="0">
  <testcase classname="com.vtigercrm.tests.LoginTest" name="HomeTest" time="4.702"/>
  <system-out>
    <![CDATA[database connected successfully
browser launched
signed in successfully
signed out successfully
signed in successfully
signed out successfully
browser closed
database disconnected successfully]]>
  </system-out>
</testsuite> <!-- com.vtigercrm.tests.LoginTest -->
